<?xml version="1.0" encoding="UTF-8"?>
<!-- Generated by org.testng.reporters.JUnitXMLReporter -->
<testsuite ignored="0" hostname="LAPTOP-1DFLN555" failures="0" tests="10" name="Default test" time="0.13" errors="0" timestamp="2023-08-10T23:17:30 IST">
  <testcase classname="TestNGBasics.detaProvidersInTestBG" name="method2" time="0.013"/>
  <testcase classname="TestNGBasics.detaProvidersInTestBG" name="method2" time="0.004"/>
  <testcase classname="TestNGBasics.detaProvidersInTestBG" name="method2" time="0.003"/>
  <testcase classname="TestNGBasics.detaProvidersInTestBG" name="method2" time="0.003"/>
  <testcase classname="TestNGBasics.detaProvidersInTestBG" name="method2" time="0.003"/>
  <testcase classname="TestNGBasics.detaProvidersInTestBG" name="method2" time="0.005"/>
  <testcase classname="TestNGBasics.detaProvidersInTestBG" name="method2" time="0.003"/>
  <testcase classname="TestNGBasics.detaProvidersInTestBG" name="method2" time="0.005"/>
  <testcase classname="TestNGBasics.detaProvidersInTestBG" name="method2" time="0.001"/>
  <testcase classname="TestNGBasics.detaProvidersInTestBG" name="method2" time="0.003"/>
</testsuite> <!-- Default test -->
