<?xml version="1.0" encoding="UTF-8"?>
<testng-results ignored="0" total="10" passed="10" failed="0" skipped="0">
  <reporter-output>
  </reporter-output>
  <suite started-at="2023-08-10T23:17:30 IST" name="Default suite" finished-at="2023-08-10T23:17:30 IST" duration-ms="130">
    <groups>
    </groups>
    <test started-at="2023-08-10T23:17:30 IST" name="Default test" finished-at="2023-08-10T23:17:30 IST" duration-ms="130">
      <class name="TestNGBasics.detaProvidersInTestBG">
        <test-method signature="method2()[pri:0, instance:TestNGBasics.detaProvidersInTestBG@35d019a3]" started-at="2023-08-10T23:17:30 IST" name="method2" finished-at="2023-08-10T23:17:30 IST" duration-ms="13" status="PASS">
          <reporter-output>
          </reporter-output>
        </test-method> <!-- method2 -->
        <test-method signature="method2()[pri:0, instance:TestNGBasics.detaProvidersInTestBG@35d019a3]" started-at="2023-08-10T23:17:30 IST" name="method2" finished-at="2023-08-10T23:17:30 IST" duration-ms="4" status="PASS">
          <reporter-output>
          </reporter-output>
        </test-method> <!-- method2 -->
        <test-method signature="method2()[pri:0, instance:TestNGBasics.detaProvidersInTestBG@35d019a3]" started-at="2023-08-10T23:17:30 IST" name="method2" finished-at="2023-08-10T23:17:30 IST" duration-ms="3" status="PASS">
          <reporter-output>
          </reporter-output>
        </test-method> <!-- method2 -->
        <test-method signature="method2()[pri:0, instance:TestNGBasics.detaProvidersInTestBG@35d019a3]" started-at="2023-08-10T23:17:30 IST" name="method2" finished-at="2023-08-10T23:17:30 IST" duration-ms="3" status="PASS">
          <reporter-output>
          </reporter-output>
        </test-method> <!-- method2 -->
        <test-method signature="method2()[pri:0, instance:TestNGBasics.detaProvidersInTestBG@35d019a3]" started-at="2023-08-10T23:17:30 IST" name="method2" finished-at="2023-08-10T23:17:30 IST" duration-ms="3" status="PASS">
          <reporter-output>
          </reporter-output>
        </test-method> <!-- method2 -->
        <test-method signature="method2()[pri:0, instance:TestNGBasics.detaProvidersInTestBG@35d019a3]" started-at="2023-08-10T23:17:30 IST" name="method2" finished-at="2023-08-10T23:17:30 IST" duration-ms="5" status="PASS">
          <reporter-output>
          </reporter-output>
        </test-method> <!-- method2 -->
        <test-method signature="method2()[pri:0, instance:TestNGBasics.detaProvidersInTestBG@35d019a3]" started-at="2023-08-10T23:17:30 IST" name="method2" finished-at="2023-08-10T23:17:30 IST" duration-ms="3" status="PASS">
          <reporter-output>
          </reporter-output>
        </test-method> <!-- method2 -->
        <test-method signature="method2()[pri:0, instance:TestNGBasics.detaProvidersInTestBG@35d019a3]" started-at="2023-08-10T23:17:30 IST" name="method2" finished-at="2023-08-10T23:17:30 IST" duration-ms="5" status="PASS">
          <reporter-output>
          </reporter-output>
        </test-method> <!-- method2 -->
        <test-method signature="method2()[pri:0, instance:TestNGBasics.detaProvidersInTestBG@35d019a3]" started-at="2023-08-10T23:17:30 IST" name="method2" finished-at="2023-08-10T23:17:30 IST" duration-ms="1" status="PASS">
          <reporter-output>
          </reporter-output>
        </test-method> <!-- method2 -->
        <test-method signature="method2()[pri:0, instance:TestNGBasics.detaProvidersInTestBG@35d019a3]" started-at="2023-08-10T23:17:30 IST" name="method2" finished-at="2023-08-10T23:17:30 IST" duration-ms="3" status="PASS">
          <reporter-output>
          </reporter-output>
        </test-method> <!-- method2 -->
      </class> <!-- TestNGBasics.detaProvidersInTestBG -->
    </test> <!-- Default test -->
  </suite> <!-- Default suite -->
</testng-results>
